TN:
SF:script/CommitProtocolV04.s.sol
FN:10,DeployCommitProtocol.run
FNDA:0,DeployCommitProtocol.run
DA:11,0
DA:12,0
DA:13,0
DA:15,0
DA:16,0
DA:18,0
DA:20,0
DA:21,0
DA:22,0
FNF:1
FNH:0
LF:9
LH:0
BRF:0
BRH:0
end_of_record
TN:
SF:script/DeployVerifiers.s.sol
FN:12,DeployVerifiers.run
FNDA:0,DeployVerifiers.run
DA:13,0
DA:16,0
DA:17,0
DA:20,0
DA:21,0
DA:32,0
DA:35,0
DA:36,0
DA:38,0
FNF:1
FNH:0
LF:9
LH:0
BRF:0
BRH:0
end_of_record
TN:
SF:script/SetProtocolConfig.s.sol
FN:9,SetProtocolConfig.run
FNDA:0,SetProtocolConfig.run
DA:10,0
DA:12,0
DA:22,0
DA:25,0
DA:28,0
DA:30,0
DA:32,0
DA:33,0
DA:34,0
DA:35,0
DA:36,0
DA:37,0
FNF:1
FNH:0
LF:12
LH:0
BRF:0
BRH:0
end_of_record
TN:
SF:src/CommitProtocolV04.sol
FN:30,CommitProtocolV04.initialize
FNDA:7,CommitProtocolV04.initialize
DA:31,7
DA:32,7
DA:33,7
DA:34,7
DA:35,7
FN:154,CommitProtocolV04.onlyApprovedToken
FNDA:1,CommitProtocolV04.onlyApprovedToken
DA:155,1
DA:156,0
BRDA:156,0,0,-
FN:166,CommitProtocolV04.create
FNDA:7,CommitProtocolV04.create
DA:173,7
DA:174,0
BRDA:174,1,0,-
DA:176,7
DA:177,0
BRDA:177,2,0,-
DA:179,7
DA:180,0
BRDA:180,3,0,-
DA:183,7
DA:184,7
DA:186,7
DA:189,7
DA:191,6
DA:192,6
FN:199,CommitProtocolV04.join
FNDA:5,CommitProtocolV04.join
DA:200,5
DA:201,5
DA:202,0
BRDA:202,4,0,-
DA:204,5
DA:205,0
BRDA:205,5,0,-
DA:207,5
DA:208,0
BRDA:208,6,0,-
DA:210,5
DA:211,0
BRDA:211,7,0,-
DA:214,5
DA:217,5
DA:218,0
BRDA:218,8,0,-
DA:222,5
DA:223,5
BRDA:223,9,0,5
DA:225,5
BRDA:225,10,0,-
DA:230,5
DA:231,0
BRDA:231,11,0,-
BRDA:230,11,1,-
BRDA:231,12,0,-
BRDA:231,12,1,-
DA:232,0
DA:233,0
BRDA:233,13,0,-
BRDA:233,13,1,-
DA:236,5
DA:238,5
DA:242,5
DA:243,5
DA:246,5
DA:249,5
DA:251,5
FN:257,CommitProtocolV04.fund
FNDA:1,CommitProtocolV04.fund
DA:264,1
DA:265,1
DA:266,0
BRDA:266,14,0,-
DA:268,1
DA:269,0
BRDA:269,15,0,-
DA:271,1
DA:272,0
BRDA:272,16,0,-
DA:275,1
DA:278,1
DA:279,1
DA:280,1
DA:281,1
FN:287,CommitProtocolV04.withdraw
FNDA:1,CommitProtocolV04.withdraw
DA:294,1
DA:295,1
DA:296,0
BRDA:296,17,0,-
DA:298,1
DA:299,0
BRDA:299,18,0,-
DA:302,1
DA:305,1
DA:306,1
BRDA:306,19,0,1
DA:307,0
BRDA:307,20,0,-
DA:309,1
DA:312,1
DA:313,0
BRDA:313,21,0,-
DA:316,1
DA:317,1
DA:319,1
DA:320,1
FN:326,CommitProtocolV04.verify
FNDA:2,CommitProtocolV04.verify
DA:332,2
DA:333,2
DA:334,0
BRDA:334,22,0,-
DA:336,2
DA:337,0
BRDA:337,23,0,-
DA:339,2
DA:340,0
BRDA:340,24,0,-
DA:342,2
DA:343,0
BRDA:343,25,0,-
DA:346,2
DA:350,2
BRDA:350,26,0,2
DA:351,2
DA:354,2
DA:355,2
FN:362,CommitProtocolV04.claim
FNDA:2,CommitProtocolV04.claim
DA:363,2
DA:364,0
BRDA:364,27,0,-
DA:366,2
DA:367,0
BRDA:367,28,0,-
DA:369,2
DA:372,2
DA:373,2
DA:374,2
DA:377,2
DA:378,2
BRDA:378,29,0,2
DA:381,2
DA:383,2
DA:384,2
BRDA:384,30,0,2
DA:385,2
FN:394,CommitProtocolV04.distribute
FNDA:0,CommitProtocolV04.distribute
DA:395,2
DA:396,0
BRDA:396,31,0,-
DA:398,2
DA:399,2
DA:400,0
BRDA:400,32,0,-
DA:403,2
DA:407,2
DA:408,0
BRDA:408,33,0,-
DA:410,0
DA:413,2
DA:414,2
DA:415,2
DA:416,2
DA:419,2
DA:422,2
DA:425,2
DA:426,2
FN:432,CommitProtocolV04.claimFees
FNDA:0,CommitProtocolV04.claimFees
DA:433,0
DA:434,0
DA:435,0
DA:436,0
FN:440,CommitProtocolV04.cancel
FNDA:1,CommitProtocolV04.cancel
DA:441,1
DA:442,1
DA:443,0
BRDA:443,34,0,-
DA:445,1
DA:446,0
BRDA:446,35,0,-
DA:449,1
DA:451,1
FN:455,CommitProtocolV04.refund
FNDA:1,CommitProtocolV04.refund
DA:456,1
DA:457,1
DA:458,0
BRDA:458,36,0,-
DA:462,1
DA:464,1
DA:466,1
DA:467,1
DA:469,1
FN:472,CommitProtocolV04.verifyOverride
FNDA:0,CommitProtocolV04.verifyOverride
DA:473,0
DA:474,0
BRDA:474,37,0,-
DA:476,0
DA:477,0
FN:483,CommitProtocolV04.getCommit
FNDA:1,CommitProtocolV04.getCommit
DA:484,14
BRDA:484,38,0,-
BRDA:484,38,1,14
DA:485,14
FN:491,CommitProtocolV04.approveToken
FNDA:21,CommitProtocolV04.approveToken
DA:492,21
DA:493,21
FN:499,CommitProtocolV04.getApprovedTokens
FNDA:0,CommitProtocolV04.getApprovedTokens
DA:500,0
FN:506,CommitProtocolV04.getCommitTokens
FNDA:0,CommitProtocolV04.getCommitTokens
DA:507,0
FN:515,CommitProtocolV04.setURI
FNDA:7,CommitProtocolV04.setURI
DA:516,7
FN:522,CommitProtocolV04.setProtocolConfig
FNDA:7,CommitProtocolV04.setProtocolConfig
DA:523,7
FN:526,CommitProtocolV04.pause
FNDA:1,CommitProtocolV04.pause
DA:528,1
FN:530,CommitProtocolV04.unpause
FNDA:0,CommitProtocolV04.unpause
DA:531,0
FN:534,CommitProtocolV04._authorizeUpgrade
FNDA:0,CommitProtocolV04._authorizeUpgrade
FN:538,CommitProtocolV04._update
FNDA:5,CommitProtocolV04._update
DA:542,5
FN:548,CommitProtocolV04.emergencyWithdraw
FNDA:0,CommitProtocolV04.emergencyWithdraw
DA:549,0
FNF:24
FNH:16
LF:153
LH:109
BRF:43
BRH:6
end_of_record
TN:
SF:src/libraries/TokenUtils.sol
FN:21,TokenUtils.transfer
FNDA:4,TokenUtils.transfer
DA:22,4
BRDA:22,0,0,-
BRDA:22,0,1,-
DA:24,0
DA:25,0
BRDA:25,1,0,-
BRDA:25,1,1,-
DA:28,4
FN:42,TokenUtils.transferFrom
FNDA:18,TokenUtils.transferFrom
DA:43,18
BRDA:43,2,0,12
BRDA:43,2,1,11
DA:45,12
BRDA:45,3,0,-
BRDA:45,3,1,12
DA:46,12
BRDA:46,4,0,1
BRDA:46,4,1,11
DA:49,11
DA:50,11
BRDA:50,5,0,-
BRDA:50,5,1,11
DA:53,6
FN:57,TokenUtils.balanceOf
FNDA:0,TokenUtils.balanceOf
DA:58,0
BRDA:58,6,0,-
BRDA:58,6,1,-
DA:59,0
DA:61,0
FNF:3
FNH:2
LF:13
LH:8
BRF:14
BRH:6
end_of_record
TN:
SF:src/mocks/EASIndexerMock.sol
FN:5,EASIndexerMock.getSchemaAttesterRecipientAttestationUIDCount
FNDA:0,EASIndexerMock.getSchemaAttesterRecipientAttestationUIDCount
DA:6,0
FNF:1
FNH:0
LF:1
LH:0
BRF:0
BRH:0
end_of_record
TN:
SF:src/mocks/ERC20Mock.sol
FN:9,ERC20Mock.mint
FNDA:28,ERC20Mock.mint
DA:10,28
FNF:1
FNH:1
LF:1
LH:1
BRF:0
BRH:0
end_of_record
TN:
SF:src/mocks/VerifierMock.sol
FN:7,MockVerifier.verify
FNDA:7,MockVerifier.verify
DA:8,7
FNF:1
FNH:1
LF:1
LH:1
BRF:0
BRH:0
end_of_record
TN:
SF:src/verifiers/EASVerifier.sol
FN:17,EASVerifier.
FNDA:0,EASVerifier.
DA:18,0
FN:21,EASVerifier.verify
FNDA:0,EASVerifier.verify
DA:22,0
DA:24,0
FNF:2
FNH:0
LF:3
LH:0
BRF:0
BRH:0
end_of_record
TN:
SF:src/verifiers/SignatureVerifier.sol
FN:15,SignatureVerifier.verify
FNDA:0,SignatureVerifier.verify
DA:21,0
DA:22,0
DA:23,0
DA:26,0
BRDA:26,0,0,-
BRDA:26,0,1,-
DA:29,0
BRDA:29,1,0,-
BRDA:29,1,1,-
DA:32,0
DA:35,0
FNF:1
FNH:0
LF:7
LH:0
BRF:4
BRH:0
end_of_record
TN:
SF:src/verifiers/TokenVerifier.sol
FN:14,TokenVerifier.verify
FNDA:0,TokenVerifier.verify
DA:15,0
DA:17,0
FN:22,ERC1155Verifier.verify
FNDA:0,ERC1155Verifier.verify
DA:23,0
DA:24,0
FNF:2
FNH:0
LF:4
LH:0
BRF:0
BRH:0
end_of_record
